Active-HDL 9.1.2353.4205  2014-02-18 09:30:27

Elaboration top modules:
Architecture                  behavior(testbench)


----------------------------------------------------------------------------------------------
Entity     | Architecture | Library   | Info | Compiler Version         | Compilation Options
----------------------------------------------------------------------------------------------
testbench  | behavior     | lab02bs14 |      | 9.1.2353.4205  (Windows) | -dbg
half_adder | structure    | lab02bs14 |      | 9.1.2353.4205  (Windows) | -dbg
----------------------------------------------------------------------------------------------

----------------------------------------------------------------------------------------------
VHDL Package              | Library   | Info | Compiler Version         | Compilation Options
----------------------------------------------------------------------------------------------
standard                  | std       |      |                          | <unavailable>
TEXTIO                    | std       |      | 9.1.2353.4205  (Windows) |  -2008
std_logic_1164            | ieee      |      | 9.1.2353.4205  (Windows) |  -2008
j2svlib                   | j2svlib   |      | 9.1.2353.4205  (Windows) | -vendor lattice
----------------------------------------------------------------------------------------------

----------------------------------------------------------------------------------------------
Library                   | Comment
----------------------------------------------------------------------------------------------
ieee                      | Standard IEEE packages library
j2svlib                   | LATTICE ispLEVER Classic 1.4, J2SVLIB VHDL LIBRARY
lab02bs14                 | None
std                       | Standard VHDL library
----------------------------------------------------------------------------------------------


Simulation Options: asim -O5 +access +r +m+testbench testbench behavior


The performance of simulation is reduced. Version EDU Edition
