# ELBREAD: Elaboration process.
# ELBREAD: Elaboration time 0.2 [s].
# Design Explorer: Shortcut to "h:\ese382\lab10s14\lab10s14.aws" design added.
# Waveform file 'untitled.awc' connected to 'h:/ese382/lab10s14/setable_timer/src/wave.asdb'.
acom -O3 -work setable_timer -2002  $dsn/src/minutes_counter.vhd $dsn/src/seconds_counter.vhd $dsn/src/rotary_encoder_decoder_fsm.vhd $dsn/src/settable_timer.vhd $dsn/src/fsm.vhd $dsn/src/pedgefsm.vhd $dsn/src/count_down_timer.vhd $dsn/src/rotary_encoder_decoder_fsm_TB.vhd $dsn/src/count_down_timer_TB.vhd
# Compile...
# Warning: DAGGEN_0523: The source is compiled without the -dbg switch. Line breakpoints, code coverage, and assertion debug will not be available.
# File: h:\ese382\lab10s14\setable_timer\src\minutes_counter.vhd
# Compile Entity "minutes_counter"
# Compile Architecture "behavioral" of Entity "minutes_counter"
# File: h:\ese382\lab10s14\setable_timer\src\seconds_counter.vhd
# Compile Entity "seconds_counter"
# Compile Architecture "dataflow" of Entity "seconds_counter"
# File: h:\ese382\lab10s14\setable_timer\src\rotary_encoder_decoder_fsm.vhd
# Compile Entity "rotary_encoder_decoder_fsm"
# Compile Architecture "behavioral" of Entity "rotary_encoder_decoder_fsm"
# File: h:\ese382\lab10s14\setable_timer\src\settable_timer.vhd
# Compile Entity "settable_timer"
# Compile Architecture "dataflow" of Entity "settable_timer"
# File: h:\ese382\lab10s14\setable_timer\src\fsm.vhd
# Compile Entity "control_unit"
# Compile Architecture "fsm" of Entity "control_unit"
# File: h:\ese382\lab10s14\setable_timer\src\pedgefsm.vhd
# Compile Entity "pedgefsm"
# Compile Architecture "pedgefsm" of Entity "pedgefsm"
# File: h:\ese382\lab10s14\setable_timer\src\count_down_timer.vhd
# Compile Entity "count_down_timer"
# Compile Architecture "count_down_timer" of Entity "count_down_timer"
# File: h:\ese382\lab10s14\setable_timer\src\rotary_encoder_decoder_fsm_TB.vhd
# Compile Entity "rotary_encoder_decoder_fsm_tb"
# Compile Architecture "tb_architecture" of Entity "rotary_encoder_decoder_fsm_tb"
# File: h:\ese382\lab10s14\setable_timer\src\count_down_timer_TB.vhd
# Compile Entity "count_down_timer_tb"
# Compile Architecture "tb_architecture" of Entity "count_down_timer_tb"
# Compile success 0 Errors 0 Warnings  Analysis time :  1.0 [s]
asim -O5 +access +r +m+count_down_timer_tb count_down_timer_tb tb_architecture
# ELBREAD: Elaboration process.
# ELBREAD: Elaboration time 0.1 [s].
# asim: Stack memory: 32MB
# asim: Retval memory: 32MB
# 
# KERNEL: Main thread initiated.
# KERNEL: Kernel process initialization phase.
# KERNEL: Time resolution set to 1ps.
# ELAB2: Elaboration final pass...
# ELAB2: Create instances ...
# ELAB2: Create instances complete.
# SLP: Started
# SLP: Elaboration phase ...
# SLP: Elaboration phase ... skipped, nothing to simulate in SLP mode : 0.0 [s]
# SLP: Finished : 0.0 [s]
# ELAB2: Elaboration final pass complete - time: 0.1 [s].
# KERNEL: Warning: You are using the Active-HDL EDU Edition. The performance of simulation is running at a reduced rate.
# KERNEL: Warning: Contact Aldec for available upgrade options - sales@aldec.com.
# KERNEL: Kernel process initialization done.
# Allocation: Simulator allocated 6074 kB (elbread=1023 elab2=4957 kernel=93 sdf=0)
# KERNEL: ASDB file was created in location h:\ese382\lab10s14\setable_timer\src\wave.asdb
#  10:09 AM, Tuesday, May 06, 2014
#  Simulation has been initialized
#  Selected Top-Level: count_down_timer_tb (tb_architecture)
# Waveform file 'untitled.awc' connected to 'h:/ese382/lab10s14/setable_timer/src/wave.asdb'.
# 13 signal(s) traced.
run
# KERNEL: WARNING: NUMERIC_STD."=": metavalue detected, returning FALSE
# KERNEL: Time: 0 ps,  Iteration: 0,  Instance: /count_down_timer_tb/UUT/u1,  Process: scount.
# KERNEL: WARNING: NUMERIC_STD."/=": metavalue detected, returning FALSE
# KERNEL: Time: 0 ps,  Iteration: 0,  Instance: /count_down_timer_tb/UUT/u3,  Process: cnt_int.
# KERNEL: WARNING: NUMERIC_STD."=": metavalue detected, returning FALSE
# KERNEL: Time: 0 ps,  Iteration: 1,  Instance: /count_down_timer_tb/UUT/u1,  Process: scount.
# KERNEL: Simulation has finished. There are no more test vectors to simulate.
#  Simulation has been stopped
