acom -dbg -work ha_simnet_hier -2002  $dsn/src/xor_2_struct.vhd
# Compile...
# File: H:\ese382\lab06s14\ha_simnet_hier\src\xor_2_struct.vhd
# Compile Entity "xor_2"
# Compile Architecture "dataflow" of Entity "xor_2"
# Error: COMP96_0078: xor_2_struct.vhd : (45, 40): Unknown identifier "o_and".
# Error: COMP96_0133: xor_2_struct.vhd : (45, 40): Cannot find object declaration.
# Error: COMP96_0104: xor_2_struct.vhd : (45, 40): Undefined type of expression.
# Compile failure 3 Errors 0 Warnings  Analysis time :  0.1 [s]
acom -dbg -work ha_simnet_hier -2002  $dsn/src/xor_2_struct.vhd
# Compile...
# File: H:\ese382\lab06s14\ha_simnet_hier\src\xor_2_struct.vhd
# Compile Entity "xor_2"
# Compile Architecture "dataflow" of Entity "xor_2"
# Compile success 0 Errors 0 Warnings  Analysis time :  0.2 [s]
acom -dbg -work ha_simnet_hier -2002  $dsn/src/ha_primitive_gates.vhd $dsn/src/xor_2_struct.vhd $dsn/src/half_adder_struct_hier.vhd $dsn/src/ha_test_tb.vhd
# Compile...
# File: H:\ese382\lab06s14\ha_simnet_hier\src\ha_primitive_gates.vhd
# Compile Entity "inv"
# Compile Architecture "dataflow" of Entity "inv"
# Compile Entity "and_2"
# Compile Architecture "dataflow" of Entity "and_2"
# Compile Entity "or_2"
# Compile Architecture "dataflow" of Entity "or_2"
# File: H:\ese382\lab06s14\ha_simnet_hier\src\xor_2_struct.vhd
# Compile Entity "xor_2"
# Compile Architecture "dataflow" of Entity "xor_2"
# File: H:\ese382\lab06s14\ha_simnet_hier\src\half_adder_struct_hier.vhd
# Compile Entity "half_adder"
# Compile Architecture "dataflow" of Entity "half_adder"
# File: H:\ese382\lab06s14\ha_simnet_hier\src\ha_test_tb.vhd
# Compile Entity "ha_mixed_tb"
# Compile Architecture "behavior" of Entity "ha_mixed_tb"
# Compile success 0 Errors 0 Warnings  Analysis time :  1.0 [s]
asim -O5 +access +r +m+half_adder half_adder dataflow
# ELBREAD: Elaboration process.
# ELBREAD: Elaboration time 0.2 [s].
# asim: Stack memory: 32MB
# asim: Retval memory: 32MB
# 
# KERNEL: Main thread initiated.
# KERNEL: Kernel process initialization phase.
# KERNEL: Time resolution set to 1ps.
# ELAB2: Elaboration final pass...
# ELAB2: Create instances ...
# ELAB2: Create instances complete.
# SLP: Started
# SLP: Elaboration phase ...
# SLP: Elaboration phase ... skipped, nothing to simulate in SLP mode : 0.0 [s]
# SLP: Finished : 0.0 [s]
# ELAB2: Elaboration final pass complete - time: 0.1 [s].
# KERNEL: Warning: You are using the Active-HDL EDU Edition. The performance of simulation is running at a reduced rate.
# KERNEL: Warning: Contact Aldec for available upgrade options - sales@aldec.com.
# KERNEL: Kernel process initialization done.
# Allocation: Simulator allocated 6006 kB (elbread=1023 elab2=4891 kernel=91 sdf=0)
#  8:56 AM, Tuesday, March 25, 2014
#  Simulation has been initialized
#  Selected Top-Level: half_adder (dataflow)
run
# KERNEL: Simulation has finished. There are no more test vectors to simulate.
run
# KERNEL: Simulation has finished. There are no more test vectors to simulate.
endsim
#  Simulation has been stopped
acom -dbg -work ha_simnet_hier -2002  $dsn/src/half_adder_struct_hier.vhd
# Compile...
# File: H:\ese382\lab06s14\ha_simnet_hier\src\half_adder_struct_hier.vhd
# Compile Entity "half_adder"
# Compile Architecture "dataflow" of Entity "half_adder"
# Error: COMP96_0078: half_adder_struct_hier.vhd : (41, 31): Unknown identifier "i1".
# Error: COMP96_0078: half_adder_struct_hier.vhd : (41, 37): Unknown identifier "i2".
# Error: COMP96_0078: half_adder_struct_hier.vhd : (41, 45): Unknown identifier "o1".
# Error: COMP96_0078: half_adder_struct_hier.vhd : (41, 28): Unknown identifier "a".
# Error: COMP96_0078: half_adder_struct_hier.vhd : (41, 34): Unknown identifier "b".
# Error: COMP96_0078: half_adder_struct_hier.vhd : (41, 40): Unknown identifier "sum".
# Error: COMP96_0133: half_adder_struct_hier.vhd : (41, 28): Cannot find object declaration.
# Error: COMP96_0112: half_adder_struct_hier.vhd : (41, 28): "a" does not match the formal name.
# Error: COMP96_0207: half_adder_struct_hier.vhd : (41, 0): No actual specified for local port "i1".
# Error: COMP96_0207: half_adder_struct_hier.vhd : (41, 0): No actual specified for local port "i2".
# Compile failure 10 Errors 0 Warnings  Analysis time :  0.1 [s]
acom -dbg -work ha_simnet_hier -2002  $dsn/src/half_adder_struct_hier.vhd
# Compile...
# File: H:\ese382\lab06s14\ha_simnet_hier\src\half_adder_struct_hier.vhd
# Compile Entity "half_adder"
# Compile Architecture "dataflow" of Entity "half_adder"
# Compile success 0 Errors 0 Warnings  Analysis time :  0.2 [s]
acom -dbg -work ha_simnet_hier -2002  $dsn/src/ha_primitive_gates.vhd $dsn/src/xor_2_struct.vhd $dsn/src/half_adder_struct_hier.vhd $dsn/src/ha_test_tb.vhd
# Compile...
# File: H:\ese382\lab06s14\ha_simnet_hier\src\ha_primitive_gates.vhd
# Compile Entity "inv"
# Compile Architecture "dataflow" of Entity "inv"
# Compile Entity "and_2"
# Compile Architecture "dataflow" of Entity "and_2"
# Compile Entity "or_2"
# Compile Architecture "dataflow" of Entity "or_2"
# File: H:\ese382\lab06s14\ha_simnet_hier\src\xor_2_struct.vhd
# Compile Entity "xor_2"
# Compile Architecture "dataflow" of Entity "xor_2"
# File: H:\ese382\lab06s14\ha_simnet_hier\src\half_adder_struct_hier.vhd
# Compile Entity "half_adder"
# Compile Architecture "dataflow" of Entity "half_adder"
# File: H:\ese382\lab06s14\ha_simnet_hier\src\ha_test_tb.vhd
# Compile Entity "ha_mixed_tb"
# Compile Architecture "behavior" of Entity "ha_mixed_tb"
# Compile success 0 Errors 0 Warnings  Analysis time :  1.0 [s]
asim -O5 +access +r +m+half_adder half_adder dataflow
# ELBREAD: Elaboration process.
# ELBREAD: Elaboration time 0.1 [s].
# asim: Stack memory: 32MB
# asim: Retval memory: 32MB
# 
# KERNEL: Main thread initiated.
# KERNEL: Kernel process initialization phase.
# KERNEL: Time resolution set to 1ps.
# ELAB2: Elaboration final pass...
# ELAB2: Create instances ...
# ELAB2: Create instances complete.
# SLP: Started
# SLP: Elaboration phase ...
# SLP: Elaboration phase ... skipped, nothing to simulate in SLP mode : 0.0 [s]
# SLP: Finished : 0.0 [s]
# ELAB2: Elaboration final pass complete - time: 0.1 [s].
# KERNEL: Warning: You are using the Active-HDL EDU Edition. The performance of simulation is running at a reduced rate.
# KERNEL: Warning: Contact Aldec for available upgrade options - sales@aldec.com.
# KERNEL: Kernel process initialization done.
# Allocation: Simulator allocated 6006 kB (elbread=1023 elab2=4891 kernel=91 sdf=0)
#  8:58 AM, Tuesday, March 25, 2014
#  Simulation has been initialized
#  Selected Top-Level: half_adder (dataflow)
run
# KERNEL: Simulation has finished. There are no more test vectors to simulate.
acom -dbg -work ha_simnet_hier -2002  $dsn/src/ha_primitive_gates.vhd $dsn/src/xor_2_struct.vhd $dsn/src/half_adder_struct_hier.vhd $dsn/src/ha_test_tb.vhd
# Compile...
# File: H:\ese382\lab06s14\ha_simnet_hier\src\ha_primitive_gates.vhd
# Compile Entity "inv"
# Compile Architecture "dataflow" of Entity "inv"
# Compile Entity "and_2"
# Compile Architecture "dataflow" of Entity "and_2"
# Compile Entity "or_2"
# Compile Architecture "dataflow" of Entity "or_2"
# File: H:\ese382\lab06s14\ha_simnet_hier\src\xor_2_struct.vhd
# Compile Entity "xor_2"
# Compile Architecture "dataflow" of Entity "xor_2"
# File: H:\ese382\lab06s14\ha_simnet_hier\src\half_adder_struct_hier.vhd
# Compile Entity "half_adder"
# Compile Architecture "dataflow" of Entity "half_adder"
# File: H:\ese382\lab06s14\ha_simnet_hier\src\ha_test_tb.vhd
# Compile Entity "ha_mixed_tb"
# Compile Architecture "behavior" of Entity "ha_mixed_tb"
# Compile success 0 Errors 0 Warnings  Analysis time :  1.0 [s]
endsim
#  Simulation has been stopped
asim -O5 +access +r +m+half_adder half_adder dataflow
# ELBREAD: Elaboration process.
# ELBREAD: Elaboration time 0.1 [s].
# asim: Stack memory: 32MB
# asim: Retval memory: 32MB
# 
# KERNEL: Main thread initiated.
# KERNEL: Kernel process initialization phase.
# KERNEL: Time resolution set to 1ps.
# ELAB2: Elaboration final pass...
# ELAB2: Create instances ...
# ELAB2: Create instances complete.
# SLP: Started
# SLP: Elaboration phase ...
# SLP: Elaboration phase ... skipped, nothing to simulate in SLP mode : 0.0 [s]
# SLP: Finished : 0.0 [s]
# ELAB2: Elaboration final pass complete - time: 0.2 [s].
# KERNEL: Warning: You are using the Active-HDL EDU Edition. The performance of simulation is running at a reduced rate.
# KERNEL: Warning: Contact Aldec for available upgrade options - sales@aldec.com.
# KERNEL: Kernel process initialization done.
# Allocation: Simulator allocated 6006 kB (elbread=1023 elab2=4891 kernel=91 sdf=0)
#  9:00 AM, Tuesday, March 25, 2014
#  Simulation has been initialized
#  Selected Top-Level: half_adder (dataflow)
run
# KERNEL: Simulation has finished. There are no more test vectors to simulate.
#  Simulation has been stopped
# ELBREAD: Elaboration process.
# ELBREAD: Elaboration time 0.1 [s].
acom -dbg -work ha_simnet_hier -2002  $dsn/src/ha_primitive_gates.vhd $dsn/src/xor_2_struct.vhd $dsn/src/half_adder_struct_hier.vhd $dsn/src/ha_test_tb.vhd
# Compile...
# File: H:\ese382\lab06s14\ha_simnet_hier\src\ha_primitive_gates.vhd
# Compile Entity "inv"
# Compile Architecture "dataflow" of Entity "inv"
# Compile Entity "and_2"
# Compile Architecture "dataflow" of Entity "and_2"
# Compile Entity "or_2"
# Compile Architecture "dataflow" of Entity "or_2"
# File: H:\ese382\lab06s14\ha_simnet_hier\src\xor_2_struct.vhd
# Compile Entity "xor_2"
# Compile Architecture "dataflow" of Entity "xor_2"
# File: H:\ese382\lab06s14\ha_simnet_hier\src\half_adder_struct_hier.vhd
# Compile Entity "half_adder"
# Compile Architecture "dataflow" of Entity "half_adder"
# File: H:\ese382\lab06s14\ha_simnet_hier\src\ha_test_tb.vhd
# Compile Entity "ha_mixed_tb"
# Compile Architecture "behavior" of Entity "ha_mixed_tb"
# Compile success 0 Errors 0 Warnings  Analysis time :  1.0 [s]
# ELBREAD: Elaboration process.
# ELBREAD: Elaboration time 0.2 [s].
asim -O5 +access +r +m+ha_mixed_tb ha_mixed_tb behavior
# ELBREAD: Elaboration process.
# ELBREAD: Elaboration time 0.2 [s].
# asim: Stack memory: 32MB
# asim: Retval memory: 32MB
# 
# KERNEL: Main thread initiated.
# KERNEL: Kernel process initialization phase.
# KERNEL: Time resolution set to 1ps.
# ELAB2: Elaboration final pass...
# ELAB2: Create instances ...
# ELAB2: Create instances complete.
# SLP: Started
# SLP: Elaboration phase ...
# SLP: Elaboration phase ... skipped, nothing to simulate in SLP mode : 0.0 [s]
# SLP: Finished : 0.0 [s]
# ELAB2: Elaboration final pass complete - time: 0.2 [s].
# KERNEL: Warning: You are using the Active-HDL EDU Edition. The performance of simulation is running at a reduced rate.
# KERNEL: Warning: Contact Aldec for available upgrade options - sales@aldec.com.
# KERNEL: Kernel process initialization done.
# Allocation: Simulator allocated 6042 kB (elbread=1023 elab2=4926 kernel=92 sdf=0)
#  9:01 AM, Tuesday, March 25, 2014
#  Simulation has been initialized
#  Selected Top-Level: ha_mixed_tb (behavior)
run
# KERNEL: Simulation has finished. There are no more test vectors to simulate.
run
# KERNEL: Simulation has finished. There are no more test vectors to simulate.
endsim
#  Simulation has been stopped
asim -O5 +access +r +m+ha_mixed_tb ha_mixed_tb behavior
# ELBREAD: Elaboration process.
# ELBREAD: Elaboration time 0.1 [s].
# asim: Stack memory: 32MB
# asim: Retval memory: 32MB
# 
# KERNEL: Main thread initiated.
# KERNEL: Kernel process initialization phase.
# KERNEL: Time resolution set to 1ps.
# ELAB2: Elaboration final pass...
# ELAB2: Create instances ...
# ELAB2: Create instances complete.
# SLP: Started
# SLP: Elaboration phase ...
# SLP: Elaboration phase ... skipped, nothing to simulate in SLP mode : 0.0 [s]
# SLP: Finished : 0.0 [s]
# ELAB2: Elaboration final pass complete - time: 0.2 [s].
# KERNEL: Warning: You are using the Active-HDL EDU Edition. The performance of simulation is running at a reduced rate.
# KERNEL: Warning: Contact Aldec for available upgrade options - sales@aldec.com.
# KERNEL: Kernel process initialization done.
# Allocation: Simulator allocated 6042 kB (elbread=1023 elab2=4926 kernel=92 sdf=0)
#  9:02 AM, Tuesday, March 25, 2014
#  Simulation has been initialized
#  Selected Top-Level: ha_mixed_tb (behavior)
run
# KERNEL: Simulation has finished. There are no more test vectors to simulate.
endsim
#  Simulation has been stopped
acom -dbg -work ha_simnet_hier -2002  $dsn/src/half_adder_struct_hier.vhd
# Compile...
# File: H:\ese382\lab06s14\ha_simnet_hier\src\half_adder_struct_hier.vhd
# Compile Entity "half_adder"
# Compile Architecture "dataflow" of Entity "half_adder"
# Compile success 0 Errors 0 Warnings  Analysis time :  0.2 [s]
# Design: Design "fa_simnet_hier" has been set as active.
