ispLEVER Auto-Make Log File
---------------------------

Updating: Fitter Report
Start to record tcl script...
Finished recording TCL script.

Starting: 'C:\ispLEVER_Classic\ispcpld\bin\edif2blf.exe -edf ..\synplify\rev_2\binary2seg.edf -out BinaryToSeg.bl0 -err automake.err -log binary2seg.log -prj task3 -lib "C:\ispLEVER_Classic\ispcpld/dat/mach.edn" @binary2seg.esp -nbx -cvt YES -xor'

Starting EDIF2BLIF....
readEDIF ended normally.

Inspect circuit BinaryToSeg
    Number of input ports   : 1
    Number of output ports  : 2
    Number of bidir ports   : 0
    Number of instances     : 159
    Number of nets          : 165

No design errors found in circuit BinaryToSeg

WriteBLIF ended normally.

Done: completed successfully.

Starting: 'C:\ispLEVER_Classic\ispcpld\bin\mblifopt.exe BinaryToSeg.bl0 -collapse none -reduce none -keepwires -gui -err automake.err'

BLIFOPT  Open-ABEL Optimizer 
U.C. Berkeley, SIS Ver. 1.0, supported by Lattice Semiconductor
ispLEVER Classic 7.00 Copyright 1992-2007 Lattice Semiconductor. All Rights Reserved.
Reading Open-ABEL 2 file BinaryToSeg.bl0...
Writing Open-ABEL 2 (BLIF) file BinaryToSeg.bl1...
Note    0: 
BLIFOPT complete - Time 0 seconds
Done: completed successfully.

Starting: 'C:\ispLEVER_Classic\ispcpld\bin\mblflink.exe "BinaryToSeg.bl1" -o "task3.bl2" -omod "task3" -gui -err "automake.err"'

BLIFLINK  Top-Down Design Linker
ispLEVER Classic 7.00 Copyright 1992-2007 Lattice Semiconductor. All Rights Reserved.

Top-level file: 'BinaryToSeg.bl1'

Hierarchical BLIF: 'task3.bl2'

BLIFLINK complete.  Time: 1 second 
Done: completed successfully.

Starting: 'C:\ispLEVER_Classic\ispcpld\bin\impsrc.exe -gui -prj task3 -lci task3.lct -log task3.imp -err automake.err -tti task3.bl2 -dir h:\ese382\lab05s14\binarytoseg\isplever'

Source constraints were successfully imported to the current project.
Done: completed successfully.

Starting: 'C:\ispLEVER_Classic\ispcpld\bin\abelvci.exe -vci task3.lct -blifopt -gui task3.b2_'

Done: completed successfully.

Starting: 'C:\ispLEVER_Classic\ispcpld\bin\mblifopt.exe task3.bl2 -sweep -mergefb -err automake.err -o task3.bl3 -gui @task3.b2_'

BLIFOPT  Open-ABEL Optimizer 
U.C. Berkeley, SIS Ver. 1.0, supported by Lattice Semiconductor
ispLEVER Classic 7.00 Copyright 1992-2007 Lattice Semiconductor. All Rights Reserved.
Reading Open-ABEL 2 file task3.bl2...
Merging feedbacks...
Note 13707: Node seven_seg0_1_6__n is collapsed...
Note 13707: Node seven_seg0_1_0__n is collapsed...
Note 13707: Node seven_seg1_1_0__n is collapsed...
Note 13707: Node output_3__un3_n is collapsed...
Note 13707: Node seven_seg1_1_3__n is collapsed...
Note 13707: Node seven_seg1_1_4__n is collapsed...
Note 13707: Node output_2__un3_n is collapsed...
Note 13707: Node N_105 is collapsed...
Note 13707: Node convert_un30_n is collapsed...
Note 13707: Node output_15_2__un3_n is collapsed...
Note 13707: Node N_193 is collapsed...
Note 13707: Node convert_un1_i_n is collapsed...
Note 13707: Node output_15_1__un3_n is collapsed...
Note 13707: Node convert_un40_n is collapsed...
Note 13707: Node convert_un38_n is collapsed...
Note 13707: Node output_10_1__un3_n is collapsed...
Note 13707: Node convert_un38_1_n is collapsed...
Note 13707: Node N_81_i is collapsed...
Note 13707: Node N_172_i is collapsed...
Note 13707: Node N_183_i is collapsed...
Note 13707: Node un20_temp1_i_i_1__n is collapsed...
Note 13707: Node un12_temp1_i_i_1__n is collapsed...
Note 13707: Node un4_temp1_i_i_1__n is collapsed...
Note 13707: Node N_25_i is collapsed...
Note 13707: Node N_24_1_i is collapsed...
Note 13707: Node convert_seven_seg013_i_n is collapsed...
Note 13707: Node N_21_i is collapsed...
Note 13707: Node binary_c_i_4__n is collapsed...
Note 13707: Node binary_c_i_3__n is collapsed...
Note 13707: Node N_20_i is collapsed...
Note 13707: Node binary_c_i_2__n is collapsed...
Note 13707: Node output_10_i_0__n is collapsed...
Note 13707: Node N_7_i is collapsed...
Note 13707: Node binary_c_i_1__n is collapsed...
Note 13707: Node output_15_i_0__n is collapsed...
Note 13707: Node N_6_i is collapsed...
Note 13707: Node un20_temp1_i_3__n is collapsed...
Note 13707: Node N_55_i is collapsed...
Note 13707: Node convert_seven_seg17_i_n is collapsed...
Note 13707: Node N_45_i is collapsed...
Note 13707: Node N_29_i is collapsed...
Note 13707: Node N_44_i is collapsed...
Note 13707: Node N_122 is collapsed...
Note 13707: Node N_139 is collapsed...
Note 13707: Node convert_un31_n is collapsed...
Note 13707: Node N_95 is collapsed...
Note 13707: Node binary_i_0_0__n is collapsed...
Note 13707: Node binary_c_5__n is collapsed...
Note 13707: Node output_i_1__n is collapsed...
Note 13707: Node output_3__un0_n is collapsed...
Note 13707: Node seven_seg0_1_5__n is collapsed...
Note 13707: Node output_3__un1_n is collapsed...
Note 13707: Node output_2__un0_n is collapsed...
Note 13707: Node output_2__un1_n is collapsed...
Note 13707: Node convert_un37_i_n is collapsed...
Note 13707: Node output_15_2__un0_n is collapsed...
Note 13707: Node seven_seg0_1_0_6__n is collapsed...
Note 13707: Node convert_un30_i_n is collapsed...
Note 13707: Node G_111 is collapsed...
Note 13707: Node seven_seg0_1_0_0__n is collapsed...
Note 13707: Node N_14_i is collapsed...
Note 13707: Node G_128 is collapsed...
Note 13707: Node N_19_i is collapsed...
Note 13707: Node output_15_2__un1_n is collapsed...
Note 13707: Node N_39_i is collapsed...
Note 13707: Node seven_seg1_1_0_3__n is collapsed...
Note 13707: Node output_15_1__un0_n is collapsed...
Note 13707: Node N_37_i is collapsed...
Note 13707: Node N_172 is collapsed...
Note 13707: Node N_105_0 is collapsed...
Note 13707: Node N_16_i is collapsed...
Note 13707: Node N_183 is collapsed...
Note 13707: Node N_81_1 is collapsed...
Note 13707: Node N_18_i is collapsed...
Note 13707: Node G_112 is collapsed...
Note 13707: Node G_129 is collapsed...
Note 13707: Node G_94 is collapsed...
Note 13707: Node N_44 is collapsed...
Note 13707: Node N_45 is collapsed...
Note 13707: Node output_10_1__un0_n is collapsed...
Note 13707: Node N_21_1 is collapsed...
Note 13707: Node N_16_i_1 is collapsed...
Note 13707: Node N_16_i_2 is collapsed...
Note 13707: Node N_18_i_1 is collapsed...
Note 13707: Node N_6 is collapsed...
Note 13707: Node G_128_1 is collapsed...
Note 13707: Node N_7 is collapsed...
Note 13707: Node output_1_1_ is collapsed...
Note 13707: Node seven_seg1_1_0_0__n is collapsed...
Note 13707: Node N_24_1 is collapsed...
Note 13707: Node G_111_1 is collapsed...
Note 13707: Node output_15_1_0_ is collapsed...
Note 13707: Node N_20 is collapsed...
Note 13707: Node output_i_2__n is collapsed...
Note 13707: Node binary_c_1__n is collapsed...
Note 13707: Node binary_c_0__n is collapsed...
Note 13707: Node un12_temp1_i_0_3__n is collapsed...
Note 13707: Node binary_c_4__n is collapsed...
Note 13707: Node binary_c_3__n is collapsed...
Note 13707: Node binary_c_2__n is collapsed...
Note 13707: Node N_155 is collapsed...
Note 13707: Node un4_temp1_i_3__n is collapsed...
Note 13707: Node convert_seven_seg013_n is collapsed...
Note 13707: Node convert_seven_seg17_n is collapsed...
Note 13707: Node N_55 is collapsed...
Note 13707: Node output_10_2_ is collapsed...
Note 13707: Node convert_un31_i_n is collapsed...
Note 13707: Node convert_un42_i_n is collapsed...
Note 13707: Node convert_un40_i_n is collapsed...
Note 13707: Node N_145 is collapsed...
Note 13707: Node convert_un38_1_i_n is collapsed...
Note 13707: Node output_10_0_ is collapsed...
Note 13707: Node N_29 is collapsed...
Note 13707: Node N_45_1 is collapsed...
Note 13707: Node output_3__n is collapsed...
Note 13707: Node output_10_1__un1_n is collapsed...
Note 13707: Node N_28_i is collapsed...
Note 13707: Node N_95_i is collapsed...
Note 13707: Node N_139_0 is collapsed...
Note 13707: Node N_19 is collapsed...
Note 13707: Node N_193_0 is collapsed...
Note 13707: Node N_122_0 is collapsed...
Note 13707: Node output_10_1__n is collapsed...
Note 13707: Node convert_un38_i_n is collapsed...
Note 13707: Node N_155_i is collapsed...
Note 13707: Node seven_seg1_1_0_4__n is collapsed...
Note 13707: Node output_15_1__un1_n is collapsed...
Note 13707: Node N_21 is collapsed...
Note 13707: Node N_25 is collapsed...
Note 13707: Node N_81 is collapsed...
Note 13707: Node convert_un1_i_i_n is collapsed...
Note 13707: Node convert_un37_n is collapsed...
Note 13707: Node un4_temp1_3__n is collapsed...
Note 13707: Node N_128 is collapsed...
Note 13707: Node output_15_0_ is collapsed...
Note 13707: Node G_114 is collapsed...
Control path optimization...
Performing 'bypin choose' optimization...
.................Note    0: 
Estimated (clusters + macrocells): 45, Fmax Logic Level: 0
Writing Open-ABEL 2 (BLIF) file task3.bl3...
Note    0: 
BLIFOPT complete - Time 3 seconds
Done: completed successfully.

Starting: 'C:\ispLEVER_Classic\ispcpld\bin\abelvci.exe -vci task3.lct -dev mach4a -diofft -gui task3.d0'

Done: completed successfully.

Starting: 'C:\ispLEVER_Classic\ispcpld\bin\mdiofft.exe task3.bl3 -pla -family AMDMACH -idev van -o task3.tt2 -oxrf task3.xrf -err automake.err -gui @task3.d0'

DIOFFT  Flip-Flop Transformation program
ispLEVER Classic 7.00 Copyright 1992-2007 Lattice Semiconductor. All Rights Reserved.
Input file: task3.bl3.
Output file: task3.tt2.
Cross reference file: task3.xrf.

Shortening signal names...
Writing signal name cross reference file task3.xrf... 

DIOFFT complete - Time 0 seconds
Done: completed successfully.

Starting: 'C:\ispLEVER_Classic\ispcpld\bin\tt2tott3.exe -prj task3 -dir h:\ese382\lab05s14\binarytoseg\isplever -log task3.log -tti task3.tt2 -tto task3.tt3'


Done: completed successfully.

Starting: 'C:\ispLEVER_Classic\ispcpld\bin\abelvci.exe -vci task3.lct -dev mach4a -prefit -gui task3.l0'

Done: completed successfully.

Starting: 'C:\ispLEVER_Classic\ispcpld\bin\prefit.exe -inp task3.tt3 -out task3.tt4 -err automake.err -log task3.log -percent task3.tte -mod BinaryToSeg -gui @task3.l0'

Prefit Logic Optimizer (Mar 21 2007)  Tue Mar 11 13:42:01 2014

C:\ispLEVER_Classic\ispcpld\bin\prefit.exe -inp task3.tt3 -out task3.tt4 -err automake.err -log task3.log -percent task3.tte -mod BinaryToSeg -gui @task3.l0 
Number of pins (IO)    :    20
Number of outputs (MC) :    20
Number of registers    :     0
Number of logic pterms :   187
C:\ispLEVER_Classic\ispcpld\bin\prefit.exe complete - Time 0 seconds

Done: completed successfully.

Starting: 'C:\ispLEVER_Classic\ispcpld\bin\blif2eqn.exe task3.tte -o task3.eq3 -use_short -err automake.err -gui'

BLIF2EQN  Open-ABEL Report Generator
ispLEVER Classic 7.0 Copyright(C), 1992-2005, Lattice Semiconductor Corporation. All rights reserved
Portions Copyright(c), 1992-1999, Vantis Corporation
Portions Copyright(C), 1993-1998, Data I/O Corporation
Portions Copyright(C), 1997-1998, MINC Washington Corporation
Portions Copyright(C), Alan Phillips, Lancaster University Computer Centre 1992-1998
Reading Open-ABEL (PLA) file task3.tte...
Writing report to file task3.eq3...

BLIF2EQN complete - 0 errors, 0 warnings. Time: 1 seconds

Done: completed successfully.

Starting: 'C:\ispLEVER_Classic\ispcpld\bin\lci2vci.exe -lci task3.lct -out task3.vct -log task3.l2v'


Done: completed successfully.

Starting: 'C:\ispLEVER_Classic\ispcpld\bin\machfitr.exe @"task3.rsp"'

|--------------------------------------------|
|- ispLEVER Fitter Report File              -|
|- Version 7.0.00.10.16.07                       -|
|- (c)Copyright, Lattice Semiconductor 2002 -|
|--------------------------------------------|



*** Source file is task3.tt4 . Device is M4A5-64/32-10JC .

<Note>  F40016:  0 pins have been reserved out of 34 .
<Note>  F40021:  34 pins are available after reservation, 20 are required
                 by the design.
<Note>  F35065:  For outputs, implicit output enables will be set to VCC.

*** End of Pla2db. 
Check preplaced pins/nodes
Check preplaced blocks
Check unreferenced pins/nodes
Check clock rules

List of non-global clocks:
   None.

*** End of Normalization.

*** End of DRC. 

*** Start Partitioning
 
*** Partitioning successful.


*** Starting Place&Route

*** Place&Route Successful
...... Zero Hold Time For Input Registers? N
*** The JEDEC file generated is task3.jed .
*** Report Generator invoked.
*** Report Generator end.

// Fitting successful.
// ERROR count 0 WARNING count 0 .

Done: completed successfully.

Starting: 'C:\ispLEVER_Classic\ispcpld\bin\lci2vci.exe -vci task3.vco -out task3.lco -log task3.v2l'


Done: completed successfully.

Starting: 'C:\ispLEVER_Classic\ispcpld\bin\synsvf.exe -exe "C:\ispLEVER_Classic\ispvmsystem/ispufw" -prj task3 -if task3.jed -j2s -log task3.svl -gui'

Need not generate svf file according to the constraints, exit
Done: completed successfully.
