|--------------------------------------------|
|- ispLEVER Fitter Report File              -|
|- Version 7.0.00.10.16.07                       -|
|- (c)Copyright, Lattice Semiconductor 2002 -|
|--------------------------------------------|



*** Source file is task3.tt4 . Device is M4A5-64/32-10JC .

<Note>  F40016:  0 pins have been reserved out of 34 .
<Note>  F40021:  34 pins are available after reservation, 20 are required
                 by the design.
<Note>  F35065:  For outputs, implicit output enables will be set to VCC.

*** End of Pla2db. 
Check preplaced pins/nodes
Check preplaced blocks
Check unreferenced pins/nodes
Check clock rules

List of non-global clocks:
   None.

*** End of Normalization.

*** End of DRC. 

*** Start Partitioning
 
*** Partitioning successful.


*** Starting Place&Route

*** Place&Route Successful
...... Zero Hold Time For Input Registers? N
*** The JEDEC file generated is task3.jed .
*** Report Generator invoked.
*** Report Generator end.

// Fitting successful.
// ERROR count 0 WARNING count 0 .
