Active-HDL 9.1.2353.4205  2014-04-08 11:59:53

Elaboration top modules:
Architecture                  behavior(counter)


------------------------------------------------------------------------------------------
Entity   | Architecture | Library | Info | Compiler Version         | Compilation Options
------------------------------------------------------------------------------------------
counter  | behavior     | counter |      | 9.1.2353.4205  (Windows) | -dbg
------------------------------------------------------------------------------------------

------------------------------------------------------------------------------------------
VHDL Package            | Library | Info | Compiler Version         | Compilation Options
------------------------------------------------------------------------------------------
standard                | std     |      |                          | <unavailable>
TEXTIO                  | std     |      | 9.1.2353.4205  (Windows) |  -2008
std_logic_1164          | ieee    |      | 9.1.2353.4205  (Windows) |  -2008
NUMERIC_STD             | ieee    |      | 9.1.2353.4205  (Windows) |  -2008
------------------------------------------------------------------------------------------

------------------------------------------------------------------------------------------
Library                 | Comment
------------------------------------------------------------------------------------------
counter                 | None
ieee                    | Standard IEEE packages library
std                     | Standard VHDL library
------------------------------------------------------------------------------------------
