Active-HDL 9.1.2353.4205  2014-04-08 11:38:06

Elaboration top modules:
Architecture                  behavioral(dff_en)


----------------------------------------------------------------------------------------------
Entity   | Architecture | Library     | Info | Compiler Version         | Compilation Options
----------------------------------------------------------------------------------------------
dff_en   | behavioral   | d_flip_flop |      | 9.1.2353.4205  (Windows) | -dbg
----------------------------------------------------------------------------------------------

----------------------------------------------------------------------------------------------
VHDL Package            | Library     | Info | Compiler Version         | Compilation Options
----------------------------------------------------------------------------------------------
standard                | std         |      |                          | <unavailable>
TEXTIO                  | std         |      | 9.1.2353.4205  (Windows) |  -2008
std_logic_1164          | ieee        |      | 9.1.2353.4205  (Windows) |  -2008
----------------------------------------------------------------------------------------------

----------------------------------------------------------------------------------------------
Library                 | Comment
----------------------------------------------------------------------------------------------
d_flip_flop             | None
ieee                    | Standard IEEE packages library
std                     | Standard VHDL library
----------------------------------------------------------------------------------------------
