Active-HDL 9.1.2353.4205  2014-03-25 09:54:46

Elaboration top modules:
Architecture                  behavior(ha_mixed_tb)


----------------------------------------------------------------------------------------------------
Entity      | Architecture | Library        | Info | Compiler Version         | Compilation Options
----------------------------------------------------------------------------------------------------
ha_mixed_tb | behavior     | fa_simnet_hier |      | 9.1.2353.4205  (Windows) | -dbg
full_adder  | structure    | fa_simnet_hier |      | 9.1.2353.4205  (Windows) | -dbg
----------------------------------------------------------------------------------------------------

----------------------------------------------------------------------------------------------------
VHDL Package               | Library        | Info | Compiler Version         | Compilation Options
----------------------------------------------------------------------------------------------------
standard                   | std            |      |                          | <unavailable>
TEXTIO                     | std            |      | 9.1.2353.4205  (Windows) |  -2008
std_logic_1164             | ieee           |      | 9.1.2353.4205  (Windows) |  -2008
NUMERIC_STD                | ieee           |      | 9.1.2353.4205  (Windows) |  -2008
j2svlib                    | j2svlib        |      | 9.1.2353.4205  (Windows) | -vendor lattice
----------------------------------------------------------------------------------------------------

----------------------------------------------------------------------------------------------------
Library                    | Comment
----------------------------------------------------------------------------------------------------
fa_simnet_hier             | None
ieee                       | Standard IEEE packages library
j2svlib                    | LATTICE ispLEVER Classic 1.4, J2SVLIB VHDL LIBRARY
std                        | Standard VHDL library
----------------------------------------------------------------------------------------------------


Simulation Options: asim -O5 +access +r +m+ha_mixed_tb ha_mixed_tb behavior


The performance of simulation is reduced. Version EDU Edition
