Active-HDL 9.1.2353.4205  2014-04-01 09:49:16

Elaboration top modules:
Architecture                  fuel_encoder(fuel_encoder)


----------------------------------------------------------------------------------------------
Entity       | Architecture | Library | Info | Compiler Version         | Compilation Options
----------------------------------------------------------------------------------------------
fuel_encoder | fuel_encoder | task3   |      | 9.1.2353.4205  (Windows) | -dbg
----------------------------------------------------------------------------------------------

----------------------------------------------------------------------------------------------
VHDL Package                | Library | Info | Compiler Version         | Compilation Options
----------------------------------------------------------------------------------------------
standard                    | std     |      |                          | <unavailable>
TEXTIO                      | std     |      | 9.1.2353.4205  (Windows) |  -2008
std_logic_1164              | ieee    |      | 9.1.2353.4205  (Windows) |  -2008
----------------------------------------------------------------------------------------------

----------------------------------------------------------------------------------------------
Library                     | Comment
----------------------------------------------------------------------------------------------
ieee                        | Standard IEEE packages library
std                         | Standard VHDL library
task3                       | None
----------------------------------------------------------------------------------------------
