Active-HDL 9.1.2353.4205  2014-04-08 11:59:51

Elaboration top modules:
Architecture                  behavior(right_shift_reg)


--------------------------------------------------------------------------------------------------------
Entity          | Architecture | Library        | Info | Compiler Version         | Compilation Options
--------------------------------------------------------------------------------------------------------
right_shift_reg | behavior     | shift_register |      | 9.1.2353.4205  (Windows) | -dbg
--------------------------------------------------------------------------------------------------------

--------------------------------------------------------------------------------------------------------
VHDL Package                   | Library        | Info | Compiler Version         | Compilation Options
--------------------------------------------------------------------------------------------------------
standard                       | std            |      |                          | <unavailable>
TEXTIO                         | std            |      | 9.1.2353.4205  (Windows) |  -2008
std_logic_1164                 | ieee           |      | 9.1.2353.4205  (Windows) |  -2008
--------------------------------------------------------------------------------------------------------

--------------------------------------------------------------------------------------------------------
Library                        | Comment
--------------------------------------------------------------------------------------------------------
ieee                           | Standard IEEE packages library
shift_register                 | None
std                            | Standard VHDL library
--------------------------------------------------------------------------------------------------------
