Active-HDL 9.1.2353.4205  2014-04-01 09:06:47

Elaboration top modules:
Architecture                  dataflow(selected)


------------------------------------------------------------------------------------------
Entity   | Architecture | Library | Info | Compiler Version         | Compilation Options
------------------------------------------------------------------------------------------
selected | dataflow     | task1   |      | 9.1.2353.4205  (Windows) | -dbg
------------------------------------------------------------------------------------------

------------------------------------------------------------------------------------------
VHDL Package            | Library | Info | Compiler Version         | Compilation Options
------------------------------------------------------------------------------------------
standard                | std     |      |                          | <unavailable>
TEXTIO                  | std     |      | 9.1.2353.4205  (Windows) |  -2008
std_logic_1164          | ieee    |      | 9.1.2353.4205  (Windows) |  -2008
------------------------------------------------------------------------------------------

------------------------------------------------------------------------------------------
Library                 | Comment
------------------------------------------------------------------------------------------
ieee                    | Standard IEEE packages library
std                     | Standard VHDL library
task1                   | None
------------------------------------------------------------------------------------------
