acom -dbg -work fa_simnet_hier -2002  $dsn/src/ha_primitive_gates.vhd $dsn/src/xor_2_struct.vhd $dsn/src/half_adder_struct_hier.vhd $dsn/src/fa_test_tb.vhd $dsn/src/untitled.vhq
# Compile...
# File: h:\ese382\lab06s14\fa_simnet_hier\src\ha_primitive_gates.vhd
# Compile Entity "inv"
# Compile Architecture "dataflow" of Entity "inv"
# Compile Entity "and_2"
# Compile Architecture "dataflow" of Entity "and_2"
# Compile Entity "or_2"
# Compile Architecture "dataflow" of Entity "or_2"
# File: h:\ese382\lab06s14\fa_simnet_hier\src\xor_2_struct.vhd
# Compile Entity "xor_2"
# Compile Architecture "dataflow" of Entity "xor_2"
# File: h:\ese382\lab06s14\fa_simnet_hier\src\half_adder_struct_hier.vhd
# Compile Entity "half_adder"
# Compile Architecture "dataflow" of Entity "half_adder"
# File: h:\ese382\lab06s14\fa_simnet_hier\src\fa_test_tb.vhd
# Compile Entity "ha_mixed_tb"
# Compile Architecture "behavior" of Entity "ha_mixed_tb"
# File: h:\ese382\lab06s14\fa_simnet_hier\src\untitled.vhq
# Compile Entity "full_adder"
# Compile Architecture "structure" of Entity "full_adder"
# Compile success 0 Errors 0 Warnings  Analysis time :  1.0 [s]
asim -O5 +access +r +m+ha_mixed_tb ha_mixed_tb behavior
# ELBREAD: Elaboration process.
# ELBREAD: Error: The contents of entity 'fa_simnet_hier.full_adder' instantiated in architecture 'behavior:ha_mixed_tb' differ from the contents available during the compilation of this architecture.
# ELBREAD: Error: Elaboration process completed with errors.
# Design: Error: Elaboration failed
# Error: asim: cannot select specified top-level
# ELBREAD: Elaboration process.
# ELBREAD: Error: The contents of entity 'fa_simnet_hier.full_adder' instantiated in architecture 'behavior:ha_mixed_tb' differ from the contents available during the compilation of this architecture.
# ELBREAD: Error: Elaboration process completed with errors.
# Design: Error: Elaboration failed
acom -dbg -work fa_simnet_hier -2002  $dsn/src/ha_primitive_gates.vhd $dsn/src/xor_2_struct.vhd $dsn/src/half_adder_struct_hier.vhd $dsn/src/fa_test_tb.vhd $dsn/src/untitled.vhq
# Compile...
# File: h:\ese382\lab06s14\fa_simnet_hier\src\ha_primitive_gates.vhd
# Compile Entity "inv"
# Compile Architecture "dataflow" of Entity "inv"
# Compile Entity "and_2"
# Compile Architecture "dataflow" of Entity "and_2"
# Compile Entity "or_2"
# Compile Architecture "dataflow" of Entity "or_2"
# File: h:\ese382\lab06s14\fa_simnet_hier\src\xor_2_struct.vhd
# Compile Entity "xor_2"
# Compile Architecture "dataflow" of Entity "xor_2"
# File: h:\ese382\lab06s14\fa_simnet_hier\src\half_adder_struct_hier.vhd
# Compile Entity "half_adder"
# Compile Architecture "dataflow" of Entity "half_adder"
# File: h:\ese382\lab06s14\fa_simnet_hier\src\fa_test_tb.vhd
# Compile Entity "ha_mixed_tb"
# Compile Architecture "behavior" of Entity "ha_mixed_tb"
# File: h:\ese382\lab06s14\fa_simnet_hier\src\untitled.vhq
# Compile Entity "full_adder"
# Compile Architecture "structure" of Entity "full_adder"
# Compile success 0 Errors 0 Warnings  Analysis time :  0.7 [s]
# ELBREAD: Elaboration process.
# ELBREAD: Elaboration time 0.0 [s].
asim -O5 +access +r +m+ha_mixed_tb ha_mixed_tb behavior
# ELBREAD: Elaboration process.
# ELBREAD: Elaboration time 0.0 [s].
# asim: Stack memory: 32MB
# asim: Retval memory: 32MB
# 
# KERNEL: Main thread initiated.
# KERNEL: Kernel process initialization phase.
# KERNEL: Time resolution set to 1ps.
# ELAB2: Elaboration final pass...
# ELAB2: Create instances ...
# ELAB2: Create instances complete.
# SLP: Started
# SLP: Elaboration phase ...
# SLP: Elaboration phase ... skipped, nothing to simulate in SLP mode : 0.0 [s]
# SLP: Finished : 0.0 [s]
# ELAB2: Elaboration final pass complete - time: 0.1 [s].
# KERNEL: Warning: You are using the Active-HDL EDU Edition. The performance of simulation is running at a reduced rate.
# KERNEL: Warning: Contact Aldec for available upgrade options - sales@aldec.com.
# KERNEL: Kernel process initialization done.
# Allocation: Simulator allocated 6158 kB (elbread=1023 elab2=5033 kernel=101 sdf=0)
#  9:52 AM, Tuesday, March 25, 2014
#  Simulation has been initialized
#  Selected Top-Level: ha_mixed_tb (behavior)
run
# KERNEL: Simulation has finished. There are no more test vectors to simulate.
run
# KERNEL: Simulation has finished. There are no more test vectors to simulate.
run
# KERNEL: Simulation has finished. There are no more test vectors to simulate.
endsim
#  Simulation has been stopped
# Signal: /ha_mixed_tb/a_tb is already in list
# Signal: /ha_mixed_tb/b_tb is already in list
# Signal: /ha_mixed_tb/sum_tb is already in list
# Signal: /ha_mixed_tb/carry_in_tb is already in list
# Signal: /ha_mixed_tb/carry_out_tb is already in list
asim -O5 +access +r +m+ha_mixed_tb ha_mixed_tb behavior
# ELBREAD: Elaboration process.
# ELBREAD: Elaboration time 0.0 [s].
# asim: Stack memory: 32MB
# asim: Retval memory: 32MB
# 
# KERNEL: Main thread initiated.
# KERNEL: Kernel process initialization phase.
# KERNEL: Time resolution set to 1ps.
# ELAB2: Elaboration final pass...
# ELAB2: Create instances ...
# ELAB2: Create instances complete.
# SLP: Started
# SLP: Elaboration phase ...
# SLP: Elaboration phase ... skipped, nothing to simulate in SLP mode : 0.0 [s]
# SLP: Finished : 0.0 [s]
# ELAB2: Elaboration final pass complete - time: 0.1 [s].
# KERNEL: Warning: You are using the Active-HDL EDU Edition. The performance of simulation is running at a reduced rate.
# KERNEL: Warning: Contact Aldec for available upgrade options - sales@aldec.com.
# KERNEL: Kernel process initialization done.
# Allocation: Simulator allocated 6158 kB (elbread=1023 elab2=5033 kernel=101 sdf=0)
#  9:53 AM, Tuesday, March 25, 2014
#  Simulation has been initialized
#  Selected Top-Level: ha_mixed_tb (behavior)
run
# KERNEL: Simulation has finished. There are no more test vectors to simulate.
endsim
#  Simulation has been stopped
asim -O5 +access +r +m+ha_mixed_tb ha_mixed_tb behavior
# ELBREAD: Elaboration process.
# ELBREAD: Elaboration time 0.0 [s].
# asim: Stack memory: 32MB
# asim: Retval memory: 32MB
# 
# KERNEL: Main thread initiated.
# KERNEL: Kernel process initialization phase.
# KERNEL: Time resolution set to 1ps.
# ELAB2: Elaboration final pass...
# ELAB2: Create instances ...
# ELAB2: Create instances complete.
# SLP: Started
# SLP: Elaboration phase ...
# SLP: Elaboration phase ... skipped, nothing to simulate in SLP mode : 0.0 [s]
# SLP: Finished : 0.0 [s]
# ELAB2: Elaboration final pass complete - time: 0.1 [s].
# KERNEL: Warning: You are using the Active-HDL EDU Edition. The performance of simulation is running at a reduced rate.
# KERNEL: Warning: Contact Aldec for available upgrade options - sales@aldec.com.
# KERNEL: Kernel process initialization done.
# Allocation: Simulator allocated 6158 kB (elbread=1023 elab2=5033 kernel=101 sdf=0)
#  9:54 AM, Tuesday, March 25, 2014
#  Simulation has been initialized
#  Selected Top-Level: ha_mixed_tb (behavior)
run
# KERNEL: Simulation has finished. There are no more test vectors to simulate.
run 140
# KERNEL: stopped at time: 540140 ps
# KERNEL: Simulation has finished. There are no more test vectors to simulate.
run 140ns
# KERNEL: stopped at time: 680140 ps
# KERNEL: Simulation has finished. There are no more test vectors to simulate.
#  Simulation has been stopped
