Active-HDL 9.1.2353.4205  2014-03-04 08:52:00

Elaboration top modules:
Architecture                  tb_architecture(converter_2421_bcd_tb)


-----------------------------------------------------------------------------------------------------------
Entity                | Architecture    | Library  | Info | Compiler Version         | Compilation Options
-----------------------------------------------------------------------------------------------------------
converter_2421_bcd_tb | tb_architecture | lab04s14 |      | 9.1.2353.4205  (Windows) | -dbg
converter_case        | behavior        | lab04s14 |      | 9.1.2353.4205  (Windows) | -dbg
-----------------------------------------------------------------------------------------------------------

-----------------------------------------------------------------------------------------------------------
VHDL Package                            | Library  | Info | Compiler Version         | Compilation Options
-----------------------------------------------------------------------------------------------------------
standard                                | std      |      |                          | <unavailable>
TEXTIO                                  | std      |      | 9.1.2353.4205  (Windows) |  -2008
std_logic_1164                          | ieee     |      | 9.1.2353.4205  (Windows) |  -2008
NUMERIC_STD                             | ieee     |      | 9.1.2353.4205  (Windows) |  -2008
-----------------------------------------------------------------------------------------------------------

-----------------------------------------------------------------------------------------------------------
Library                                 | Comment
-----------------------------------------------------------------------------------------------------------
ieee                                    | Standard IEEE packages library
lab04s14                                | None
std                                     | Standard VHDL library
-----------------------------------------------------------------------------------------------------------
