Active-HDL 9.1.2353.4205  2014-04-08 14:05:07

Elaboration top modules:
Architecture                  behavior(counter)


----------------------------------------------------------------------------------------------------
Entity   | Architecture | Library           | Info | Compiler Version         | Compilation Options
----------------------------------------------------------------------------------------------------
counter  | behavior     | sequential_system |      | 9.1.2353.4205  (Windows) | -dbg
----------------------------------------------------------------------------------------------------

----------------------------------------------------------------------------------------------------
VHDL Package            | Library           | Info | Compiler Version         | Compilation Options
----------------------------------------------------------------------------------------------------
standard                | std               |      |                          | <unavailable>
TEXTIO                  | std               |      | 9.1.2353.4205  (Windows) |  -2008
std_logic_1164          | ieee              |      | 9.1.2353.4205  (Windows) |  -2008
NUMERIC_STD             | ieee              |      | 9.1.2353.4205  (Windows) |  -2008
----------------------------------------------------------------------------------------------------

----------------------------------------------------------------------------------------------------
Library                 | Comment
----------------------------------------------------------------------------------------------------
ieee                    | Standard IEEE packages library
sequential_system       | None
std                     | Standard VHDL library
----------------------------------------------------------------------------------------------------
